<?xml version="1.0" encoding="UTF-8"?>
<testng-results skipped="0" failed="0" ignored="0" total="1" passed="1">
  <reporter-output>
  </reporter-output>
  <suite name="Surefire suite" duration-ms="22138" started-at="2019-03-27T14:37:44Z" finished-at="2019-03-27T14:38:06Z">
    <groups>
      <group name="cucumber">
        <method signature="AbstractTestNGCucumberTests.feature(cucumber.api.testng.CucumberFeatureWrapper)[pri:0, instance:vwfs.insuranceportal.stepDefinitions.RunnerTest@2758fe70]" name="feature" class="cucumber.api.testng.AbstractTestNGCucumberTests"/>
      </group> <!-- cucumber -->
    </groups>
    <test name="Surefire test" duration-ms="22138" started-at="2019-03-27T14:37:44Z" finished-at="2019-03-27T14:38:06Z">
      <class name="vwfs.insuranceportal.stepDefinitions.RunnerTest">
        <test-method status="PASS" signature="setUpClass()[pri:0, instance:vwfs.insuranceportal.stepDefinitions.RunnerTest@2758fe70]" name="setUpClass" is-config="true" duration-ms="261" started-at="2019-03-27T14:37:44Z" finished-at="2019-03-27T14:37:45Z">
          <reporter-output>
          </reporter-output>
        </test-method> <!-- setUpClass -->
        <test-method status="PASS" signature="feature(cucumber.api.testng.CucumberFeatureWrapper)[pri:0, instance:vwfs.insuranceportal.stepDefinitions.RunnerTest@2758fe70]" name="feature" duration-ms="21703" started-at="2019-03-27T14:37:45Z" description="Runs Cucumber Feature" data-provider="features" finished-at="2019-03-27T14:38:06Z">
          <params>
            <param index="0">
              <value>
                <![CDATA[Verify insurance portal for dealer]]>
              </value>
            </param>
          </params>
          <reporter-output>
          </reporter-output>
        </test-method> <!-- feature -->
        <test-method status="PASS" signature="tearDownClass()[pri:0, instance:vwfs.insuranceportal.stepDefinitions.RunnerTest@2758fe70]" name="tearDownClass" is-config="true" duration-ms="44" started-at="2019-03-27T14:38:06Z" finished-at="2019-03-27T14:38:06Z">
          <reporter-output>
          </reporter-output>
        </test-method> <!-- tearDownClass -->
      </class> <!-- vwfs.insuranceportal.stepDefinitions.RunnerTest -->
    </test> <!-- Surefire test -->
  </suite> <!-- Surefire suite -->
</testng-results>
